<?xml version="1.0" encoding="UTF-8"?>
<!-- Generated by org.testng.reporters.JUnitReportReporter -->
<testsuite hostname="GCS110-PC" failures="0" tests="2" name="GridTests.test4" time="12.671" errors="0" timestamp="2022-09-13T22:42:06 IST" skipped="0">
  <testcase classname="GridTests.test4" name="test1" time="6.519"/>
  <system-out/>
  <testcase classname="GridTests.test4" name="test2" time="6.152"/>
  <system-out/>
</testsuite> <!-- GridTests.test4 -->
