<?xml version="1.0" encoding="UTF-8"?>
<!-- Generated by org.testng.reporters.JUnitReportReporter -->
<testsuite hostname="GCS110-PC" failures="0" tests="1" name="GridTestPOM.pom2" time="45.774" errors="0" timestamp="2022-09-26T02:34:11 IST" skipped="0">
  <testcase classname="GridTestPOM.pom2" name="test2" time="45.774"/>
  <system-out/>
</testsuite> <!-- GridTestPOM.pom2 -->
