<?xml version="1.0" encoding="UTF-8"?>
<!-- Generated by org.testng.reporters.JUnitReportReporter -->
<testsuite hostname="GCS110-PC" failures="0" tests="1" name="GridTests.chromeGridTest2" time="9.275" errors="0" timestamp="2022-09-20T22:48:02 IST" skipped="0">
  <testcase classname="GridTests.chromeGridTest2" name="test2" time="9.275"/>
  <system-out/>
</testsuite> <!-- GridTests.chromeGridTest2 -->
