<?xml version="1.0" encoding="UTF-8"?>
<!-- Generated by org.testng.reporters.JUnitReportReporter -->
<testsuite hostname="GCS110-PC" failures="0" tests="1" name="GridTests.gridNew4" time="8.512" errors="0" timestamp="2022-09-19T05:29:10 IST" skipped="0">
  <testcase classname="GridTests.gridNew4" name="test2" time="8.512"/>
  <system-out/>
</testsuite> <!-- GridTests.gridNew4 -->
