<?xml version="1.0" encoding="UTF-8"?>
<!-- Generated by org.testng.reporters.JUnitReportReporter -->
<testsuite hostname="GCS110-PC" failures="0" tests="1" name="GridTests.gridNew3" time="5.655" errors="0" timestamp="2022-09-19T05:29:10 IST" skipped="0">
  <testcase classname="GridTests.gridNew3" name="test1" time="5.655"/>
  <system-out/>
</testsuite> <!-- GridTests.gridNew3 -->
