<?xml version="1.0" encoding="UTF-8"?>
<!-- Generated by org.testng.reporters.JUnitReportReporter -->
<testsuite hostname="GCS110-PC" failures="0" tests="2" name="GridTests.chromeGridTest3" time="8.718" errors="0" timestamp="2022-09-13T21:57:11 IST" skipped="0">
  <testcase classname="GridTests.chromeGridTest3" name="test2" time="3.904"/>
  <system-out/>
  <testcase classname="GridTests.chromeGridTest3" name="test1" time="4.814"/>
  <system-out/>
</testsuite> <!-- GridTests.chromeGridTest3 -->
