<?xml version="1.0" encoding="UTF-8"?>
<!-- Generated by org.testng.reporters.JUnitReportReporter -->
<testsuite hostname="GCS110-PC" failures="0" tests="1" name="GridTests.gridNew1" time="7.435" errors="0" timestamp="2022-09-20T22:47:28 IST" skipped="0">
  <testcase classname="GridTests.gridNew1" name="test1" time="7.435"/>
  <system-out/>
</testsuite> <!-- GridTests.gridNew1 -->
