<?xml version="1.0" encoding="UTF-8"?>
<!-- Generated by org.testng.reporters.JUnitReportReporter -->
<testsuite hostname="GCS110-PC" failures="0" tests="2" name="GridTests.gridNew" time="15.086" errors="0" timestamp="2022-09-14T22:45:41 IST" skipped="0">
  <testcase classname="GridTests.gridNew" name="test1" time="7.859"/>
  <system-out/>
  <testcase classname="GridTests.gridNew" name="test2" time="7.227"/>
  <system-out/>
</testsuite> <!-- GridTests.gridNew -->
