<?xml version="1.0" encoding="UTF-8"?>
<!-- Generated by org.testng.reporters.JUnitReportReporter -->
<testsuite hostname="GCS110-PC" failures="0" tests="2" name="GridTests.demoClass" time="15.017" errors="0" timestamp="2022-09-13T22:45:51 IST" skipped="0">
  <testcase classname="GridTests.demoClass" name="testOnChromeWithBrowserStackSignUp" time="10.292"/>
  <system-out/>
  <testcase classname="GridTests.demoClass" name="testOnChromeWithBrowserStackUrl" time="4.725"/>
  <system-out/>
</testsuite> <!-- GridTests.demoClass -->
